Y:\TA\PA4\PA4\PA4\RELEASE\MAIN.OBJ
Y:\TA\PA4\PA4\PA4\RELEASE\VC110.PDB
E:\TA\PA4\PA4\PA4\RELEASE\MAIN.OBJ
E:\TA\PA4\PA4\PA4\RELEASE\VC110.PDB
Y:\TA\PA4\PA4\PA4\RELEASE\OPENGL4_4.EXE
Y:\TA\PA4\PA4\PA4\RELEASE\OPENGL4_4.PDB
E:\TA\PA4\PA4\PA4\RELEASE\OPENGL4_4.EXE
E:\TA\PA4\PA4\PA4\RELEASE\OPENGL4_4.PDB
E:\TA\PA4\PA4\PA4\Release\opengl4_4.vcxprojResolveAssemblyReference.cache
E:\TA\PA4\PA4\PA4\Release\main.obj
E:\TA\PA4\PA4\PA4\Release\cl.command.1.tlog
E:\TA\PA4\PA4\PA4\Release\CL.read.1.tlog
E:\TA\PA4\PA4\PA4\Release\CL.write.1.tlog
E:\TA\PA4\PA4\PA4\Release\link-cvtres.read.1.tlog
E:\TA\PA4\PA4\PA4\Release\link-cvtres.write.1.tlog
E:\TA\PA4\PA4\PA4\Release\link-rc.read.1.tlog
E:\TA\PA4\PA4\PA4\Release\link-rc.write.1.tlog
E:\TA\PA4\PA4\PA4\Release\link.command.1.tlog
E:\TA\PA4\PA4\PA4\Release\link.read.1.tlog
E:\TA\PA4\PA4\PA4\Release\link.write.1.tlog
E:\TA\PA4\PA4\PA4\Release\opengl4_4.pdb
E:\TA\PA4\PA4\PA4\Release\vc110.pdb
E:\TA\PA4\PA4\PA4\Release\opengl4_4.exe
