Build started 5/21/2014 12:12:09 PM.
     1>Project "C:\Users\Mahdi\Documents\Course\Advance 3D\opengl\backup\opengl4_4 with light and texture\opengl4_4.vcxproj" on node 2 (Build target(s)).
     1>ClCompile:
         C:\Program Files (x86)\Microsoft Visual Studio 11.0\VC\bin\CL.exe /c /Zi /nologo /W3 /WX- /Od /Oy- /D WIN32 /D _DEBUG /D _CONSOLE /D _UNICODE /D UNICODE /Gm /EHsc /RTC1 /MDd /GS /fp:precise /Zc:wchar_t /Zc:forScope /Fo"Debug\\" /Fd"Debug\vc110.pdb" /Gd /TP /analyze- /errorReport:prompt main.cpp
         main.cpp
     1>c:\users\mahdi\documents\course\advance 3d\opengl\backup\opengl4_4 with light and texture\mymath.h(14): warning C4996: 'fopen': This function or variable may be unsafe. Consider using fopen_s instead. To disable deprecation, use _CRT_SECURE_NO_WARNINGS. See online help for details.
                 C:\Program Files (x86)\Microsoft Visual Studio 11.0\VC\include\stdio.h(218) : see declaration of 'fopen'
     1>c:\users\mahdi\documents\course\advance 3d\opengl\backup\opengl4_4 with light and texture\mymath.h(39): warning C4996: 'fopen': This function or variable may be unsafe. Consider using fopen_s instead. To disable deprecation, use _CRT_SECURE_NO_WARNINGS. See online help for details.
                 C:\Program Files (x86)\Microsoft Visual Studio 11.0\VC\include\stdio.h(218) : see declaration of 'fopen'
     1>main.cpp(466): warning C4172: returning address of local variable or temporary
     1>main.cpp(601): warning C4996: 'sprintf': This function or variable may be unsafe. Consider using sprintf_s instead. To disable deprecation, use _CRT_SECURE_NO_WARNINGS. See online help for details.
                 C:\Program Files (x86)\Microsoft Visual Studio 11.0\VC\include\stdio.h(357) : see declaration of 'sprintf'
     1>main.cpp(839): warning C4996: 'fopen': This function or variable may be unsafe. Consider using fopen_s instead. To disable deprecation, use _CRT_SECURE_NO_WARNINGS. See online help for details.
                 C:\Program Files (x86)\Microsoft Visual Studio 11.0\VC\include\stdio.h(218) : see declaration of 'fopen'
       Link:
         C:\Program Files (x86)\Microsoft Visual Studio 11.0\VC\bin\link.exe /ERRORREPORT:PROMPT /OUT:"C:\Users\Mahdi\Documents\Course\Advance 3D\opengl\backup\opengl4_4 with light and texture\Debug\opengl4_4.exe" /INCREMENTAL /NOLOGO /LIBPATH:\glew\lib\Release\Win32 /LIBPATH:\glut /LIBPATH:"C:\Users\Mahdi\Documents\Course\Advance 3D\opengl\backup\opengl4_4 with light and texture\glew\lib\Release\Win32" glut32.lib glew32.lib kernel32.lib user32.lib gdi32.lib winspool.lib comdlg32.lib advapi32.lib shell32.lib ole32.lib oleaut32.lib uuid.lib odbc32.lib odbccp32.lib kernel32.lib user32.lib gdi32.lib winspool.lib comdlg32.lib advapi32.lib shell32.lib ole32.lib oleaut32.lib uuid.lib odbc32.lib odbccp32.lib /MANIFEST /MANIFESTUAC:"level='asInvoker' uiAccess='false'" /manifest:embed /DEBUG /PDB:"C:\Users\Mahdi\Documents\Course\Advance 3D\opengl\backup\opengl4_4 with light and texture\Debug\opengl4_4.pdb" /SUBSYSTEM:CONSOLE /TLBID:1 /DYNAMICBASE /NXCOMPAT /IMPLIB:"C:\Users\Mahdi\Documents\Course\Advance 3D\opengl\backup\opengl4_4 with light and texture\Debug\opengl4_4.lib" /MACHINE:X86 Debug\main.obj
         opengl4_4.vcxproj -> C:\Users\Mahdi\Documents\Course\Advance 3D\opengl\backup\opengl4_4 with light and texture\Debug\opengl4_4.exe
     1>Done Building Project "C:\Users\Mahdi\Documents\Course\Advance 3D\opengl\backup\opengl4_4 with light and texture\opengl4_4.vcxproj" (Build target(s)).

Build succeeded.

Time Elapsed 00:00:00.38
