D:\PROJECTS\OPENGL4_4\OPENGL4_4\DEBUG\MAIN.OBJ
D:\PROJECTS\OPENGL4_4\OPENGL4_4\DEBUG\VC100.PDB
C:\USERS\DUY\DESKTOP\COURSE\ADVANCE 3D\OPENGL\OPENGL4_4\DEBUG\MAIN.OBJ
C:\USERS\DUY\DESKTOP\COURSE\ADVANCE 3D\OPENGL\OPENGL4_4\DEBUG\VC100.PDB
C:\USERS\MAHDI\DOCUMENTS\COURSE\ADVANCE 3D\OPENGL\BACKUP\OPENGL4_4 WITH LIGHT AND TEXTURE\DEBUG\MAIN.OBJ
C:\USERS\MAHDI\DOCUMENTS\COURSE\ADVANCE 3D\OPENGL\BACKUP\OPENGL4_4 WITH LIGHT AND TEXTURE\DEBUG\VC110.PDB
D:\PROJECTS\OPENGL4_4\OPENGL4_4\DEBUG\OPENGL4_4.ILK
D:\PROJECTS\OPENGL4_4\OPENGL4_4\DEBUG\OPENGL4_4.EXE
D:\PROJECTS\OPENGL4_4\OPENGL4_4\DEBUG\OPENGL4_4.EXE.INTERMEDIATE.MANIFEST
D:\PROJECTS\OPENGL4_4\OPENGL4_4\DEBUG\OPENGL4_4.PDB
D:\PROJECTS\OPENGL4_4\OPENGL4_4\DEBUG\OPENGL4_4.EXE.EMBED.MANIFEST
D:\PROJECTS\OPENGL4_4\OPENGL4_4\DEBUG\OPENGL4_4.EXE.EMBED.MANIFEST.RES
C:\USERS\DUY\DESKTOP\COURSE\ADVANCE 3D\OPENGL\OPENGL4_4\DEBUG\OPENGL4_4.EXE.EMBED.MANIFEST.RES
C:\Users\Mahdi\Documents\Course\Advance 3D\opengl\backup\opengl4_4 with light and texture\Debug\opengl4_4.vcxprojResolveAssemblyReference.cache
C:\Users\Mahdi\Documents\Course\Advance 3D\opengl\backup\opengl4_4 with light and texture\Debug\main.obj
C:\Users\Mahdi\Documents\Course\Advance 3D\opengl\backup\opengl4_4 with light and texture\Debug\cl.command.1.tlog
C:\Users\Mahdi\Documents\Course\Advance 3D\opengl\backup\opengl4_4 with light and texture\Debug\CL.read.1.tlog
C:\Users\Mahdi\Documents\Course\Advance 3D\opengl\backup\opengl4_4 with light and texture\Debug\CL.write.1.tlog
C:\Users\Mahdi\Documents\Course\Advance 3D\opengl\backup\opengl4_4 with light and texture\Debug\link-cvtres.read.1.tlog
C:\Users\Mahdi\Documents\Course\Advance 3D\opengl\backup\opengl4_4 with light and texture\Debug\link-cvtres.write.1.tlog
C:\Users\Mahdi\Documents\Course\Advance 3D\opengl\backup\opengl4_4 with light and texture\Debug\link.7196-cvtres.read.1.tlog
C:\Users\Mahdi\Documents\Course\Advance 3D\opengl\backup\opengl4_4 with light and texture\Debug\link.7196-cvtres.write.1.tlog
C:\Users\Mahdi\Documents\Course\Advance 3D\opengl\backup\opengl4_4 with light and texture\Debug\link.7196.read.1.tlog
C:\Users\Mahdi\Documents\Course\Advance 3D\opengl\backup\opengl4_4 with light and texture\Debug\link.7196.write.1.tlog
C:\Users\Mahdi\Documents\Course\Advance 3D\opengl\backup\opengl4_4 with light and texture\Debug\link.command.1.tlog
C:\Users\Mahdi\Documents\Course\Advance 3D\opengl\backup\opengl4_4 with light and texture\Debug\link.read.1.tlog
C:\Users\Mahdi\Documents\Course\Advance 3D\opengl\backup\opengl4_4 with light and texture\Debug\link.write.1.tlog
C:\Users\Mahdi\Documents\Course\Advance 3D\opengl\backup\opengl4_4 with light and texture\Debug\mt.command.1.tlog
C:\Users\Mahdi\Documents\Course\Advance 3D\opengl\backup\opengl4_4 with light and texture\Debug\mt.read.1.tlog
C:\Users\Mahdi\Documents\Course\Advance 3D\opengl\backup\opengl4_4 with light and texture\Debug\mt.write.1.tlog
C:\Users\Mahdi\Documents\Course\Advance 3D\opengl\backup\opengl4_4 with light and texture\Debug\opengl4_4.write.1.tlog
C:\Users\Mahdi\Documents\Course\Advance 3D\opengl\backup\opengl4_4 with light and texture\Debug\rc.command.1.tlog
C:\Users\Mahdi\Documents\Course\Advance 3D\opengl\backup\opengl4_4 with light and texture\Debug\rc.read.1.tlog
C:\Users\Mahdi\Documents\Course\Advance 3D\opengl\backup\opengl4_4 with light and texture\Debug\rc.write.1.tlog
C:\Users\Mahdi\Documents\Course\Advance 3D\opengl\backup\opengl4_4 with light and texture\Debug\opengl4_4.exe.embed.manifest
C:\Users\Mahdi\Documents\Course\Advance 3D\opengl\backup\opengl4_4 with light and texture\Debug\opengl4_4.exe.intermediate.manifest
C:\Users\Mahdi\Documents\Course\Advance 3D\opengl\backup\opengl4_4 with light and texture\Debug\opengl4_4.exe.embed.manifest.res
C:\Users\Mahdi\Documents\Course\Advance 3D\opengl\backup\opengl4_4 with light and texture\Debug\vc100.idb
C:\Users\Mahdi\Documents\Course\Advance 3D\opengl\backup\opengl4_4 with light and texture\Debug\vc110.idb
C:\Users\Mahdi\Documents\Course\Advance 3D\opengl\backup\opengl4_4 with light and texture\Debug\opengl4_4.pdb
C:\Users\Mahdi\Documents\Course\Advance 3D\opengl\backup\opengl4_4 with light and texture\Debug\vc100.pdb
C:\Users\Mahdi\Documents\Course\Advance 3D\opengl\backup\opengl4_4 with light and texture\Debug\vc110.pdb
C:\Users\Mahdi\Documents\Course\Advance 3D\opengl\backup\opengl4_4 with light and texture\Debug\opengl4_4_manifest.rc
